<?xml version="1.0" encoding="UTF-8" ?>
<testsuite failures="0" time="0.663" errors="0" skipped="0" tests="3" name="org.inbloom.content.webapp.controller.UserFormControllerTest">
  <properties>
[...]
</properties>
  <testcase time="0.235" classname="org.inbloom.content.webapp.controller.UserFormControllerTest" name="testEdit"/>
  <testcase time="0.028" classname="org.inbloom.content.webapp.controller.UserFormControllerTest" name="testSave"/>
  <testcase time="0.012" classname="org.inbloom.content.webapp.controller.UserFormControllerTest" name="testRemove"/>
</testsuite>